2021-01-03 16:40:39,880 [Worker-3: Loading available Gradle versions] INFO  o.e.b.c.i.u.g.PublishedGradleVersions - Gradle version information cache is out-of-date. Trying to update.
2021-01-03 16:44:30,118 [Worker-6: Creating camunda-archetype-servlet-war] INFO  o.e.m.c.i.p.ProjectConfigurationManager - Collecting project info '/pom.xml' C:\Users\saakh\eclipse-workspace\CamundaLearnings\helloworld\pom.xml
2021-01-03 16:44:32,397 [Worker-6: Creating camunda-archetype-servlet-war] INFO  o.e.m.c.i.l.LifecycleMappingFactory - Using org.maven.ide.eclipse.wtp.WarLifecycleMapping lifecycle mapping for MavenProject: com.learncamunda.project01:helloworld:1.0 @ C:\Users\saakh\eclipse-workspace\CamundaLearnings\helloworld\pom.xml.
2021-01-03 16:44:34,126 [Worker-6: Creating camunda-archetype-servlet-war] INFO  o.e.m.j.i.AbstractJavaProjectConfigurator - Adding source folder /helloworld/src/main/java
2021-01-03 16:44:34,127 [Worker-6: Creating camunda-archetype-servlet-war] INFO  o.e.m.j.i.AbstractJavaProjectConfigurator - Adding resource folder /helloworld/src/main/resources
2021-01-03 16:44:34,141 [Worker-6: Creating camunda-archetype-servlet-war] INFO  o.e.m.j.i.AbstractJavaProjectConfigurator - Adding source folder /helloworld/src/test/java
2021-01-03 16:44:34,142 [Worker-6: Creating camunda-archetype-servlet-war] INFO  o.e.m.j.i.AbstractJavaProjectConfigurator - Adding resource folder /helloworld/src/test/resources
2021-01-03 16:44:38,587 [Worker-6: Creating camunda-archetype-servlet-war] INFO  o.e.m.c.i.p.ProjectConfigurationManager - Imported and configured 1 project(s) in 8 sec
2021-01-03 16:44:39,731 [Worker-13: Building] INFO  o.e.m.c.i.embedder.EclipseLogger - Using 'UTF-8' encoding to copy filtered resources.
2021-01-03 16:44:39,740 [Worker-13: Building] INFO  o.e.m.c.i.embedder.EclipseLogger - Copying 2 resources
2021-01-03 16:44:39,757 [Worker-13: Building] INFO  o.e.m.c.i.embedder.EclipseLogger - Using 'UTF-8' encoding to copy filtered resources.
2021-01-03 16:44:39,758 [Worker-13: Building] INFO  o.e.m.c.i.embedder.EclipseLogger - Copying 3 resources
2021-01-03 16:58:24,082 [Worker-15: Building] INFO  o.e.m.c.i.embedder.EclipseLogger - Using 'UTF-8' encoding to copy filtered resources.
2021-01-03 16:58:24,087 [Worker-15: Building] INFO  o.e.m.c.i.embedder.EclipseLogger - Copying 1 resource
2021-01-03 16:58:24,108 [Worker-15: Building] INFO  o.e.m.c.i.embedder.EclipseLogger - Using 'UTF-8' encoding to copy filtered resources.
2021-01-03 16:58:24,110 [Worker-15: Building] INFO  o.e.m.c.i.embedder.EclipseLogger - Copying 0 resource
2021-01-03 16:59:09,567 [Worker-6: Building] INFO  o.e.m.c.i.embedder.EclipseLogger - Using 'UTF-8' encoding to copy filtered resources.
2021-01-03 16:59:09,568 [Worker-6: Building] INFO  o.e.m.c.i.embedder.EclipseLogger - Copying 0 resource
2021-01-03 16:59:09,571 [Worker-6: Building] INFO  o.e.m.c.i.embedder.EclipseLogger - Using 'UTF-8' encoding to copy filtered resources.
2021-01-03 16:59:09,571 [Worker-6: Building] INFO  o.e.m.c.i.embedder.EclipseLogger - Copying 0 resource
2021-01-03 17:08:56,915 [Worker-19: Launching Executing install in C__Users_saakh_eclipse-workspace_CamundaLearnings_helloworld] INFO  o.e.m.i.launch.MavenLaunchDelegate - C:\Users\saakh\eclipse-workspace\CamundaLearnings\helloworld
2021-01-03 17:08:56,919 [Worker-19: Launching Executing install in C__Users_saakh_eclipse-workspace_CamundaLearnings_helloworld] INFO  o.e.m.i.launch.MavenLaunchDelegate -  mvn -B install
2021-01-03 17:09:50,774 [Worker-18: Launching Executing clean in C__Users_saakh_eclipse-workspace_CamundaLearnings_helloworld] INFO  o.e.m.i.launch.MavenLaunchDelegate - C:\Users\saakh\eclipse-workspace\CamundaLearnings\helloworld
2021-01-03 17:09:50,774 [Worker-18: Launching Executing clean in C__Users_saakh_eclipse-workspace_CamundaLearnings_helloworld] INFO  o.e.m.i.launch.MavenLaunchDelegate -  mvn -B clean
2021-01-03 17:09:53,703 [Worker-17: Building] INFO  o.e.m.c.i.embedder.EclipseLogger - Using 'UTF-8' encoding to copy filtered resources.
2021-01-03 17:09:53,708 [Worker-17: Building] INFO  o.e.m.c.i.embedder.EclipseLogger - Copying 2 resources
2021-01-03 17:09:53,717 [Worker-17: Building] INFO  o.e.m.c.i.embedder.EclipseLogger - Using 'UTF-8' encoding to copy filtered resources.
2021-01-03 17:09:53,719 [Worker-17: Building] INFO  o.e.m.c.i.embedder.EclipseLogger - Copying 3 resources
2021-01-03 17:09:53,803 [Worker-17: Building] INFO  o.e.m.w.i.f.ResourceFilteringBuildParticipant - Changed resources require a complete clean of filtered resources of helloworld
2021-01-03 17:09:53,804 [Worker-17: Building] INFO  o.e.m.w.i.f.ResourceFilteringBuildParticipant - Executing resource filtering for helloworld
2021-01-03 17:09:53,823 [Worker-17: Building] INFO  o.e.m.c.i.embedder.EclipseLogger - Using 'UTF-8' encoding to copy filtered resources.
2021-01-03 17:10:03,829 [main] INFO  o.e.m2e.actions.ExecutePomAction - Creating new launch configuration
2021-01-03 17:10:21,979 [Worker-17: Launching Executing install in C__Users_saakh_eclipse-workspace_CamundaLearnings_helloworld] INFO  o.e.m.i.launch.MavenLaunchDelegate - C:\Users\saakh\eclipse-workspace\CamundaLearnings\helloworld
2021-01-03 17:10:21,979 [Worker-17: Launching Executing install in C__Users_saakh_eclipse-workspace_CamundaLearnings_helloworld] INFO  o.e.m.i.launch.MavenLaunchDelegate -  mvn -B install
2021-01-03 17:10:37,354 [Worker-18: Building] INFO  o.e.m.c.i.embedder.EclipseLogger - Using 'UTF-8' encoding to copy filtered resources.
2021-01-03 17:10:37,356 [Worker-18: Building] INFO  o.e.m.c.i.embedder.EclipseLogger - Copying 2 resources
2021-01-03 17:10:37,360 [Worker-18: Building] INFO  o.e.m.c.i.embedder.EclipseLogger - Using 'UTF-8' encoding to copy filtered resources.
2021-01-03 17:10:37,364 [Worker-18: Building] INFO  o.e.m.c.i.embedder.EclipseLogger - Copying 3 resources
2021-01-03 17:13:02,289 [Worker-16: Launching Executing install in C__Users_saakh_eclipse-workspace_CamundaLearnings_helloworld] INFO  o.e.m.i.launch.MavenLaunchDelegate - C:\Users\saakh\eclipse-workspace\CamundaLearnings\helloworld
2021-01-03 17:13:02,290 [Worker-16: Launching Executing install in C__Users_saakh_eclipse-workspace_CamundaLearnings_helloworld] INFO  o.e.m.i.launch.MavenLaunchDelegate -  mvn -B install
2021-01-03 17:13:17,590 [Worker-17: Building] INFO  o.e.m.c.i.embedder.EclipseLogger - Using 'UTF-8' encoding to copy filtered resources.
2021-01-03 17:13:17,591 [Worker-17: Building] INFO  o.e.m.c.i.embedder.EclipseLogger - Copying 0 resource
2021-01-03 17:13:17,592 [Worker-17: Building] INFO  o.e.m.c.i.embedder.EclipseLogger - Using 'UTF-8' encoding to copy filtered resources.
2021-01-03 17:13:17,593 [Worker-17: Building] INFO  o.e.m.c.i.embedder.EclipseLogger - Copying 0 resource
2021-01-03 17:14:41,005 [Worker-20: Launching Executing install in C__Users_saakh_eclipse-workspace_CamundaLearnings_helloworld] INFO  o.e.m.i.launch.MavenLaunchDelegate - C:\Users\saakh\eclipse-workspace\CamundaLearnings\helloworld
2021-01-03 17:14:41,005 [Worker-20: Launching Executing install in C__Users_saakh_eclipse-workspace_CamundaLearnings_helloworld] INFO  o.e.m.i.launch.MavenLaunchDelegate -  mvn -B install
2021-01-03 17:14:53,694 [Worker-20: Building] INFO  o.e.m.c.i.embedder.EclipseLogger - Using 'UTF-8' encoding to copy filtered resources.
2021-01-03 17:14:53,695 [Worker-20: Building] INFO  o.e.m.c.i.embedder.EclipseLogger - Copying 0 resource
2021-01-03 17:14:53,697 [Worker-20: Building] INFO  o.e.m.c.i.embedder.EclipseLogger - Using 'UTF-8' encoding to copy filtered resources.
2021-01-03 17:14:53,697 [Worker-20: Building] INFO  o.e.m.c.i.embedder.EclipseLogger - Copying 0 resource
2021-01-03 17:18:35,463 [Worker-22: Launching Executing install in C__Users_saakh_eclipse-workspace_CamundaLearnings_helloworld] INFO  o.e.m.i.launch.MavenLaunchDelegate - C:\Users\saakh\eclipse-workspace\CamundaLearnings\helloworld
2021-01-03 17:18:35,463 [Worker-22: Launching Executing install in C__Users_saakh_eclipse-workspace_CamundaLearnings_helloworld] INFO  o.e.m.i.launch.MavenLaunchDelegate -  mvn -B install
2021-01-03 17:18:48,257 [Worker-20: Building] INFO  o.e.m.c.i.embedder.EclipseLogger - Using 'UTF-8' encoding to copy filtered resources.
2021-01-03 17:18:48,258 [Worker-20: Building] INFO  o.e.m.c.i.embedder.EclipseLogger - Copying 2 resources
2021-01-03 17:18:48,260 [Worker-20: Building] INFO  o.e.m.c.i.embedder.EclipseLogger - Using 'UTF-8' encoding to copy filtered resources.
2021-01-03 17:18:48,261 [Worker-20: Building] INFO  o.e.m.c.i.embedder.EclipseLogger - Copying 0 resource
2021-01-03 17:51:57,635 [Worker-25: Building] INFO  o.e.m.c.i.e.AbstractTransferListenerAdapter - Downloading https://repo.maven.apache.org/maven2/org/apache/maven/plugins/maven-surefire-plugin/2.16/maven-surefire-plugin-2.16.jar
2021-01-03 17:51:58,283 [Worker-25: Building] INFO  o.e.m.c.i.e.AbstractTransferListenerAdapter - Downloaded https://repo.maven.apache.org/maven2/org/apache/maven/plugins/maven-surefire-plugin/2.16/maven-surefire-plugin-2.16.jar
2021-01-03 17:51:59,148 [Worker-25: Building] INFO  o.e.m.c.i.l.LifecycleMappingFactory - Using org.maven.ide.eclipse.wtp.WarLifecycleMapping lifecycle mapping for MavenProject: com.learncamunda.project01:helloworld:1.0 @ C:\Users\saakh\eclipse-workspace\CamundaLearnings\helloworld\pom.xml.
2021-01-03 17:52:00,357 [Worker-25: Building] INFO  o.e.m.c.i.e.AbstractTransferListenerAdapter - Downloading https://repo.maven.apache.org/maven2/org/apache/maven/plugins/maven-surefire-plugin/2.16/maven-surefire-plugin-2.16.pom
2021-01-03 17:52:00,766 [Worker-25: Building] INFO  o.e.m.c.i.e.AbstractTransferListenerAdapter - Downloaded https://repo.maven.apache.org/maven2/org/apache/maven/plugins/maven-surefire-plugin/2.16/maven-surefire-plugin-2.16.pom
2021-01-03 17:52:00,974 [Worker-25: Building] INFO  o.e.m.c.i.e.AbstractTransferListenerAdapter - Downloading https://repo.maven.apache.org/maven2/org/apache/maven/surefire/surefire/2.16/surefire-2.16.pom
2021-01-03 17:52:01,235 [Worker-25: Building] INFO  o.e.m.c.i.e.AbstractTransferListenerAdapter - Downloaded https://repo.maven.apache.org/maven2/org/apache/maven/surefire/surefire/2.16/surefire-2.16.pom
2021-01-03 17:52:02,168 [Worker-25: Building] INFO  o.e.m.c.i.embedder.EclipseLogger - Using 'UTF-8' encoding to copy filtered resources.
2021-01-03 17:52:02,170 [Worker-25: Building] INFO  o.e.m.c.i.embedder.EclipseLogger - Copying 0 resource
2021-01-03 17:52:02,172 [Worker-25: Building] INFO  o.e.m.c.i.embedder.EclipseLogger - Using 'UTF-8' encoding to copy filtered resources.
2021-01-03 17:52:02,173 [Worker-25: Building] INFO  o.e.m.c.i.embedder.EclipseLogger - Copying 0 resource
2021-01-03 17:52:02,173 [Worker-25: Building] INFO  o.e.m.w.i.f.ResourceFilteringBuildParticipant - Changed resources require a complete clean of filtered resources of helloworld
2021-01-03 17:52:02,173 [Worker-25: Building] INFO  o.e.m.w.i.f.ResourceFilteringBuildParticipant - Executing resource filtering for helloworld
2021-01-03 17:52:02,179 [Worker-25: Building] INFO  o.e.m.c.i.embedder.EclipseLogger - Using 'UTF-8' encoding to copy filtered resources.
2021-01-03 17:52:10,927 [Worker-26: Launching Executing install in C__Users_saakh_eclipse-workspace_CamundaLearnings_helloworld] INFO  o.e.m.i.launch.MavenLaunchDelegate - C:\Users\saakh\eclipse-workspace\CamundaLearnings\helloworld
2021-01-03 17:52:10,927 [Worker-26: Launching Executing install in C__Users_saakh_eclipse-workspace_CamundaLearnings_helloworld] INFO  o.e.m.i.launch.MavenLaunchDelegate -  mvn -B install
2021-01-03 17:52:34,425 [Worker-25: Building] INFO  o.e.m.c.i.embedder.EclipseLogger - Using 'UTF-8' encoding to copy filtered resources.
2021-01-03 17:52:34,426 [Worker-25: Building] INFO  o.e.m.c.i.embedder.EclipseLogger - Copying 0 resource
2021-01-03 17:52:34,428 [Worker-25: Building] INFO  o.e.m.c.i.embedder.EclipseLogger - Using 'UTF-8' encoding to copy filtered resources.
2021-01-03 17:52:34,428 [Worker-25: Building] INFO  o.e.m.c.i.embedder.EclipseLogger - Copying 0 resource
2021-01-03 17:56:22,594 [main] INFO  o.e.m2e.actions.ExecutePomAction - Using existing launch configuration
2021-01-03 17:56:29,775 [Worker-24: Launching helloworld] INFO  o.e.m.i.launch.MavenLaunchDelegate - C:\Users\saakh\eclipse-workspace\CamundaLearnings\helloworld
2021-01-03 17:56:29,775 [Worker-24: Launching helloworld] INFO  o.e.m.i.launch.MavenLaunchDelegate -  mvn -B MavenBuild
2021-01-03 17:57:07,795 [Worker-24: Searching...] INFO  o.e.m.c.i.e.AbstractTransferListenerAdapter - Downloading https://repo.maven.apache.org/maven2/io/takari/m2e/workspace/org.eclipse.m2e.workspace.cli/0.3.1/org.eclipse.m2e.workspace.cli-0.3.1-sources.jar
2021-01-03 17:57:08,213 [Worker-24: Searching...] INFO  o.e.m.c.i.e.AbstractTransferListenerAdapter - Downloaded https://repo.maven.apache.org/maven2/io/takari/m2e/workspace/org.eclipse.m2e.workspace.cli/0.3.1/org.eclipse.m2e.workspace.cli-0.3.1-sources.jar
2021-01-03 17:57:09,512 [Worker-24: Searching...] INFO  o.e.m.c.i.e.AbstractTransferListenerAdapter - Downloading https://repo.maven.apache.org/maven2/org/codehaus/plexus/plexus-classworlds/2.6.0/plexus-classworlds-2.6.0-sources.jar
2021-01-03 17:57:09,975 [Worker-24: Searching...] INFO  o.e.m.c.i.e.AbstractTransferListenerAdapter - Downloaded https://repo.maven.apache.org/maven2/org/codehaus/plexus/plexus-classworlds/2.6.0/plexus-classworlds-2.6.0-sources.jar
2021-01-03 17:57:11,070 [Worker-24: Searching...] INFO  o.e.m.c.i.e.AbstractTransferListenerAdapter - Downloading https://repo.maven.apache.org/maven2/org/apache/maven/maven-core/3.6.3/maven-core-3.6.3-sources.jar
2021-01-03 17:57:12,224 [Worker-24: Searching...] INFO  o.e.m.c.i.e.AbstractTransferListenerAdapter - Downloaded https://repo.maven.apache.org/maven2/org/apache/maven/maven-core/3.6.3/maven-core-3.6.3-sources.jar
2021-01-03 17:57:13,224 [Worker-24: Searching...] INFO  o.e.m.c.i.e.AbstractTransferListenerAdapter - Downloading https://repo.maven.apache.org/maven2/org/apache/maven/maven-model/3.6.3/maven-model-3.6.3-sources.jar
2021-01-03 17:57:13,833 [Worker-24: Searching...] INFO  o.e.m.c.i.e.AbstractTransferListenerAdapter - Downloaded https://repo.maven.apache.org/maven2/org/apache/maven/maven-model/3.6.3/maven-model-3.6.3-sources.jar
2021-01-03 17:57:15,112 [Worker-24: Searching...] INFO  o.e.m.c.i.e.AbstractTransferListenerAdapter - Downloading https://repo.maven.apache.org/maven2/org/apache/maven/maven-settings/3.6.3/maven-settings-3.6.3-sources.jar
2021-01-03 17:57:15,713 [Worker-24: Searching...] INFO  o.e.m.c.i.e.AbstractTransferListenerAdapter - Downloaded https://repo.maven.apache.org/maven2/org/apache/maven/maven-settings/3.6.3/maven-settings-3.6.3-sources.jar
2021-01-03 17:57:16,791 [Worker-24: Searching...] INFO  o.e.m.c.i.e.AbstractTransferListenerAdapter - Downloading https://repo.maven.apache.org/maven2/org/apache/maven/maven-settings-builder/3.6.3/maven-settings-builder-3.6.3-sources.jar
2021-01-03 17:57:17,361 [Worker-24: Searching...] INFO  o.e.m.c.i.e.AbstractTransferListenerAdapter - Downloaded https://repo.maven.apache.org/maven2/org/apache/maven/maven-settings-builder/3.6.3/maven-settings-builder-3.6.3-sources.jar
2021-01-03 17:57:18,461 [Worker-24: Searching...] INFO  o.e.m.c.i.e.AbstractTransferListenerAdapter - Downloading https://repo.maven.apache.org/maven2/org/apache/maven/maven-builder-support/3.6.3/maven-builder-support-3.6.3-sources.jar
2021-01-03 17:57:18,879 [Worker-24: Searching...] INFO  o.e.m.c.i.e.AbstractTransferListenerAdapter - Downloaded https://repo.maven.apache.org/maven2/org/apache/maven/maven-builder-support/3.6.3/maven-builder-support-3.6.3-sources.jar
2021-01-03 17:57:20,220 [Worker-24: Searching...] INFO  o.e.m.c.i.e.AbstractTransferListenerAdapter - Downloading https://repo.maven.apache.org/maven2/org/apache/maven/maven-repository-metadata/3.6.3/maven-repository-metadata-3.6.3-sources.jar
2021-01-03 17:57:20,819 [Worker-24: Searching...] INFO  o.e.m.c.i.e.AbstractTransferListenerAdapter - Downloaded https://repo.maven.apache.org/maven2/org/apache/maven/maven-repository-metadata/3.6.3/maven-repository-metadata-3.6.3-sources.jar
2021-01-03 17:57:21,997 [Worker-24: Searching...] INFO  o.e.m.c.i.e.AbstractTransferListenerAdapter - Downloading https://repo.maven.apache.org/maven2/org/apache/maven/maven-artifact/3.6.3/maven-artifact-3.6.3-sources.jar
2021-01-03 17:57:22,363 [Worker-24: Searching...] INFO  o.e.m.c.i.e.AbstractTransferListenerAdapter - Downloaded https://repo.maven.apache.org/maven2/org/apache/maven/maven-artifact/3.6.3/maven-artifact-3.6.3-sources.jar
2021-01-03 17:57:23,748 [Worker-24: Searching...] INFO  o.e.m.c.i.e.AbstractTransferListenerAdapter - Downloading https://repo.maven.apache.org/maven2/org/apache/maven/maven-plugin-api/3.6.3/maven-plugin-api-3.6.3-sources.jar
2021-01-03 17:57:24,367 [Worker-24: Searching...] INFO  o.e.m.c.i.e.AbstractTransferListenerAdapter - Downloaded https://repo.maven.apache.org/maven2/org/apache/maven/maven-plugin-api/3.6.3/maven-plugin-api-3.6.3-sources.jar
2021-01-03 17:57:25,672 [Worker-24: Searching...] INFO  o.e.m.c.i.e.AbstractTransferListenerAdapter - Downloading https://repo.maven.apache.org/maven2/org/apache/maven/maven-model-builder/3.6.3/maven-model-builder-3.6.3-sources.jar
2021-01-03 17:57:26,444 [Worker-24: Searching...] INFO  o.e.m.c.i.e.AbstractTransferListenerAdapter - Downloaded https://repo.maven.apache.org/maven2/org/apache/maven/maven-model-builder/3.6.3/maven-model-builder-3.6.3-sources.jar
2021-01-03 17:57:28,630 [Worker-24: Searching...] INFO  o.e.m.c.i.e.AbstractTransferListenerAdapter - Downloading https://repo.maven.apache.org/maven2/org/apache/maven/maven-resolver-provider/3.6.3/maven-resolver-provider-3.6.3-sources.jar
2021-01-03 17:57:29,540 [Worker-24: Searching...] INFO  o.e.m.c.i.e.AbstractTransferListenerAdapter - Downloaded https://repo.maven.apache.org/maven2/org/apache/maven/maven-resolver-provider/3.6.3/maven-resolver-provider-3.6.3-sources.jar
2021-01-03 17:57:30,610 [Worker-24: Searching...] INFO  o.e.m.c.i.e.AbstractTransferListenerAdapter - Downloading https://repo.maven.apache.org/maven2/org/apache/maven/resolver/maven-resolver-api/1.4.1/maven-resolver-api-1.4.1-sources.jar
2021-01-03 17:57:31,355 [Worker-24: Searching...] INFO  o.e.m.c.i.e.AbstractTransferListenerAdapter - Downloaded https://repo.maven.apache.org/maven2/org/apache/maven/resolver/maven-resolver-api/1.4.1/maven-resolver-api-1.4.1-sources.jar
2021-01-03 17:57:32,464 [Worker-24: Searching...] INFO  o.e.m.c.i.e.AbstractTransferListenerAdapter - Downloading https://repo.maven.apache.org/maven2/org/apache/maven/resolver/maven-resolver-spi/1.4.1/maven-resolver-spi-1.4.1-sources.jar
2021-01-03 17:57:32,921 [Worker-24: Searching...] INFO  o.e.m.c.i.e.AbstractTransferListenerAdapter - Downloaded https://repo.maven.apache.org/maven2/org/apache/maven/resolver/maven-resolver-spi/1.4.1/maven-resolver-spi-1.4.1-sources.jar
2021-01-03 17:57:34,045 [Worker-24: Searching...] INFO  o.e.m.c.i.e.AbstractTransferListenerAdapter - Downloading https://repo.maven.apache.org/maven2/org/apache/maven/resolver/maven-resolver-util/1.4.1/maven-resolver-util-1.4.1-sources.jar
2021-01-03 17:57:34,782 [Worker-24: Searching...] INFO  o.e.m.c.i.e.AbstractTransferListenerAdapter - Downloaded https://repo.maven.apache.org/maven2/org/apache/maven/resolver/maven-resolver-util/1.4.1/maven-resolver-util-1.4.1-sources.jar
2021-01-03 17:57:36,342 [Worker-24: Searching...] INFO  o.e.m.c.i.e.AbstractTransferListenerAdapter - Downloading https://repo.maven.apache.org/maven2/org/apache/maven/shared/maven-shared-utils/3.2.1/maven-shared-utils-3.2.1-sources.jar
2021-01-03 17:57:37,192 [Worker-24: Searching...] INFO  o.e.m.c.i.e.AbstractTransferListenerAdapter - Downloaded https://repo.maven.apache.org/maven2/org/apache/maven/shared/maven-shared-utils/3.2.1/maven-shared-utils-3.2.1-sources.jar
2021-01-03 17:57:40,004 [Worker-24: Searching...] INFO  o.e.m.c.i.e.AbstractTransferListenerAdapter - Downloading https://repo.maven.apache.org/maven2/com/google/guava/guava/25.1-android/guava-25.1-android-sources.jar
2021-01-03 17:57:41,920 [Worker-24: Searching...] INFO  o.e.m.c.i.e.AbstractTransferListenerAdapter - Downloaded https://repo.maven.apache.org/maven2/com/google/guava/guava/25.1-android/guava-25.1-android-sources.jar
2021-01-03 17:57:43,836 [Worker-24: Searching...] INFO  o.e.m.c.i.e.AbstractTransferListenerAdapter - Downloading https://repo.maven.apache.org/maven2/com/google/errorprone/error_prone_annotations/2.1.3/error_prone_annotations-2.1.3-sources.jar
2021-01-03 17:57:44,271 [Worker-24: Searching...] INFO  o.e.m.c.i.e.AbstractTransferListenerAdapter - Downloaded https://repo.maven.apache.org/maven2/com/google/errorprone/error_prone_annotations/2.1.3/error_prone_annotations-2.1.3-sources.jar
2021-01-03 17:57:45,536 [Worker-24: Searching...] INFO  o.e.m.c.i.e.AbstractTransferListenerAdapter - Downloading https://repo.maven.apache.org/maven2/com/google/j2objc/j2objc-annotations/1.1/j2objc-annotations-1.1-sources.jar
2021-01-03 17:57:45,974 [Worker-24: Searching...] INFO  o.e.m.c.i.e.AbstractTransferListenerAdapter - Downloaded https://repo.maven.apache.org/maven2/com/google/j2objc/j2objc-annotations/1.1/j2objc-annotations-1.1-sources.jar
2021-01-03 17:57:47,223 [Worker-24: Searching...] INFO  o.e.m.c.i.e.AbstractTransferListenerAdapter - Downloading https://repo.maven.apache.org/maven2/org/codehaus/mojo/animal-sniffer-annotations/1.14/animal-sniffer-annotations-1.14-sources.jar
2021-01-03 17:57:47,772 [Worker-24: Searching...] INFO  o.e.m.c.i.e.AbstractTransferListenerAdapter - Downloaded https://repo.maven.apache.org/maven2/org/codehaus/mojo/animal-sniffer-annotations/1.14/animal-sniffer-annotations-1.14-sources.jar
2021-01-03 17:57:48,840 [Worker-24: Searching...] INFO  o.e.m.c.i.e.AbstractTransferListenerAdapter - Downloading https://repo.maven.apache.org/maven2/org/codehaus/plexus/plexus-utils/3.2.1/plexus-utils-3.2.1-sources.jar
2021-01-03 17:57:49,581 [Worker-24: Searching...] INFO  o.e.m.c.i.e.AbstractTransferListenerAdapter - Downloaded https://repo.maven.apache.org/maven2/org/codehaus/plexus/plexus-utils/3.2.1/plexus-utils-3.2.1-sources.jar
2021-01-03 17:57:50,717 [Worker-24: Searching...] INFO  o.e.m.c.i.e.AbstractTransferListenerAdapter - Downloading https://repo.maven.apache.org/maven2/org/codehaus/plexus/plexus-component-annotations/2.1.0/plexus-component-annotations-2.1.0-sources.jar
2021-01-03 17:57:51,279 [Worker-24: Searching...] INFO  o.e.m.c.i.e.AbstractTransferListenerAdapter - Downloaded https://repo.maven.apache.org/maven2/org/codehaus/plexus/plexus-component-annotations/2.1.0/plexus-component-annotations-2.1.0-sources.jar
2021-01-03 17:57:52,553 [Worker-24: Searching...] INFO  o.e.m.c.i.e.AbstractTransferListenerAdapter - Downloading https://repo.maven.apache.org/maven2/org/apache/commons/commons-lang3/3.8.1/commons-lang3-3.8.1-sources.jar
2021-01-03 17:57:54,391 [Worker-24: Searching...] INFO  o.e.m.c.i.e.AbstractTransferListenerAdapter - Downloaded https://repo.maven.apache.org/maven2/org/apache/commons/commons-lang3/3.8.1/commons-lang3-3.8.1-sources.jar
2021-01-03 17:57:55,588 [Worker-24: Searching...] INFO  o.e.m.c.i.e.AbstractTransferListenerAdapter - Downloading https://repo.maven.apache.org/maven2/org/apache/maven/maven-embedder/3.6.3/maven-embedder-3.6.3-sources.jar
2021-01-03 17:57:56,077 [Worker-24: Searching...] INFO  o.e.m.c.i.e.AbstractTransferListenerAdapter - Downloaded https://repo.maven.apache.org/maven2/org/apache/maven/maven-embedder/3.6.3/maven-embedder-3.6.3-sources.jar
2021-01-03 17:57:57,670 [Worker-24: Searching...] INFO  o.e.m.c.i.e.AbstractTransferListenerAdapter - Downloading https://repo.maven.apache.org/maven2/org/sonatype/plexus/plexus-sec-dispatcher/1.4/plexus-sec-dispatcher-1.4-sources.jar
2021-01-03 17:57:58,276 [Worker-24: Searching...] INFO  o.e.m.c.i.e.AbstractTransferListenerAdapter - Downloaded https://repo.maven.apache.org/maven2/org/sonatype/plexus/plexus-sec-dispatcher/1.4/plexus-sec-dispatcher-1.4-sources.jar
2021-01-03 17:57:59,269 [Worker-24: Searching...] INFO  o.e.m.c.i.e.AbstractTransferListenerAdapter - Downloading https://repo.maven.apache.org/maven2/org/sonatype/plexus/plexus-cipher/1.7/plexus-cipher-1.7-sources.jar
2021-01-03 17:57:59,919 [Worker-24: Searching...] INFO  o.e.m.c.i.e.AbstractTransferListenerAdapter - Downloaded https://repo.maven.apache.org/maven2/org/sonatype/plexus/plexus-cipher/1.7/plexus-cipher-1.7-sources.jar
2021-01-03 17:58:01,049 [Worker-24: Searching...] INFO  o.e.m.c.i.e.AbstractTransferListenerAdapter - Downloading https://repo.maven.apache.org/maven2/commons-cli/commons-cli/1.4/commons-cli-1.4-sources.jar
2021-01-03 17:58:01,504 [Worker-24: Searching...] INFO  o.e.m.c.i.e.AbstractTransferListenerAdapter - Downloaded https://repo.maven.apache.org/maven2/commons-cli/commons-cli/1.4/commons-cli-1.4-sources.jar
2021-01-03 17:58:03,230 [Worker-24: Searching...] INFO  o.e.m.c.i.e.AbstractTransferListenerAdapter - Downloading https://repo.maven.apache.org/maven2/org/apache/maven/maven-compat/3.6.3/maven-compat-3.6.3-sources.jar
2021-01-03 17:58:04,251 [Worker-24: Searching...] INFO  o.e.m.c.i.e.AbstractTransferListenerAdapter - Downloaded https://repo.maven.apache.org/maven2/org/apache/maven/maven-compat/3.6.3/maven-compat-3.6.3-sources.jar
2021-01-03 17:58:05,356 [Worker-24: Searching...] INFO  o.e.m.c.i.e.AbstractTransferListenerAdapter - Downloading https://repo.maven.apache.org/maven2/org/codehaus/plexus/plexus-interpolation/1.25/plexus-interpolation-1.25-sources.jar
2021-01-03 17:58:05,846 [Worker-24: Searching...] INFO  o.e.m.c.i.e.AbstractTransferListenerAdapter - Downloaded https://repo.maven.apache.org/maven2/org/codehaus/plexus/plexus-interpolation/1.25/plexus-interpolation-1.25-sources.jar
2021-01-03 17:58:07,051 [Worker-24: Searching...] INFO  o.e.m.c.i.e.AbstractTransferListenerAdapter - Downloading https://repo.maven.apache.org/maven2/org/apache/maven/wagon/wagon-provider-api/3.3.4/wagon-provider-api-3.3.4-sources.jar
2021-01-03 17:58:07,484 [Worker-24: Searching...] INFO  o.e.m.c.i.e.AbstractTransferListenerAdapter - Downloaded https://repo.maven.apache.org/maven2/org/apache/maven/wagon/wagon-provider-api/3.3.4/wagon-provider-api-3.3.4-sources.jar
2021-01-03 17:58:09,195 [Worker-24: Searching...] INFO  o.e.m.c.i.e.AbstractTransferListenerAdapter - Downloading https://repo.maven.apache.org/maven2/javax/enterprise/cdi-api/1.0/cdi-api-1.0-sources.jar
2021-01-03 17:58:09,792 [Worker-24: Searching...] INFO  o.e.m.c.i.e.AbstractTransferListenerAdapter - Downloaded https://repo.maven.apache.org/maven2/javax/enterprise/cdi-api/1.0/cdi-api-1.0-sources.jar
2021-01-03 17:58:10,961 [Worker-24: Searching...] INFO  o.e.m.c.i.e.AbstractTransferListenerAdapter - Downloading https://repo.maven.apache.org/maven2/io/takari/aether/aether-connector-okhttp/0.17.8/aether-connector-okhttp-0.17.8-sources.jar
2021-01-03 17:58:11,444 [Worker-24: Searching...] INFO  o.e.m.c.i.e.AbstractTransferListenerAdapter - Downloaded https://repo.maven.apache.org/maven2/io/takari/aether/aether-connector-okhttp/0.17.8/aether-connector-okhttp-0.17.8-sources.jar
2021-01-03 17:58:12,484 [Worker-24: Searching...] INFO  o.e.m.c.i.e.AbstractTransferListenerAdapter - Downloading https://repo.maven.apache.org/maven2/com/squareup/okhttp3/okhttp/3.14.1/okhttp-3.14.1-sources.jar
2021-01-03 17:58:13,836 [Worker-24: Searching...] INFO  o.e.m.c.i.e.AbstractTransferListenerAdapter - Downloaded https://repo.maven.apache.org/maven2/com/squareup/okhttp3/okhttp/3.14.1/okhttp-3.14.1-sources.jar
2021-01-03 17:58:15,187 [Worker-24: Searching...] INFO  o.e.m.c.i.e.AbstractTransferListenerAdapter - Downloading https://repo.maven.apache.org/maven2/com/squareup/okio/okio/1.17.3/okio-1.17.3-sources.jar
2021-01-03 17:58:15,748 [Worker-24: Searching...] INFO  o.e.m.c.i.e.AbstractTransferListenerAdapter - Downloaded https://repo.maven.apache.org/maven2/com/squareup/okio/okio/1.17.3/okio-1.17.3-sources.jar
2021-01-03 17:58:16,813 [Worker-24: Searching...] INFO  o.e.m.c.i.e.AbstractTransferListenerAdapter - Downloading https://repo.maven.apache.org/maven2/org/apache/maven/resolver/maven-resolver-impl/1.4.1/maven-resolver-impl-1.4.1-sources.jar
2021-01-03 17:58:17,436 [Worker-24: Searching...] INFO  o.e.m.c.i.e.AbstractTransferListenerAdapter - Downloaded https://repo.maven.apache.org/maven2/org/apache/maven/resolver/maven-resolver-impl/1.4.1/maven-resolver-impl-1.4.1-sources.jar
2021-01-03 17:58:18,708 [Worker-24: Searching...] INFO  o.e.m.c.i.e.AbstractTransferListenerAdapter - Downloading https://repo.maven.apache.org/maven2/org/apache/maven/resolver/maven-resolver-connector-basic/1.4.1/maven-resolver-connector-basic-1.4.1-sources.jar
2021-01-03 17:58:19,268 [Worker-24: Searching...] INFO  o.e.m.c.i.e.AbstractTransferListenerAdapter - Downloaded https://repo.maven.apache.org/maven2/org/apache/maven/resolver/maven-resolver-connector-basic/1.4.1/maven-resolver-connector-basic-1.4.1-sources.jar
2021-01-03 17:58:20,390 [Worker-24: Searching...] INFO  o.e.m.c.i.e.AbstractTransferListenerAdapter - Downloading https://repo.maven.apache.org/maven2/org/apache/maven/resolver/maven-resolver-transport-wagon/1.4.1/maven-resolver-transport-wagon-1.4.1-sources.jar
2021-01-03 17:58:20,916 [Worker-24: Searching...] INFO  o.e.m.c.i.e.AbstractTransferListenerAdapter - Downloaded https://repo.maven.apache.org/maven2/org/apache/maven/resolver/maven-resolver-transport-wagon/1.4.1/maven-resolver-transport-wagon-1.4.1-sources.jar
2021-01-03 17:58:22,305 [Worker-24: Searching...] INFO  o.e.m.c.i.e.AbstractTransferListenerAdapter - Downloading https://repo.maven.apache.org/maven2/org/apache/maven/wagon/wagon-file/3.3.4/wagon-file-3.3.4-sources.jar
2021-01-03 17:58:23,011 [Worker-24: Searching...] INFO  o.e.m.c.i.e.AbstractTransferListenerAdapter - Downloaded https://repo.maven.apache.org/maven2/org/apache/maven/wagon/wagon-file/3.3.4/wagon-file-3.3.4-sources.jar
2021-01-03 17:58:24,554 [Worker-24: Searching...] INFO  o.e.m.c.i.e.AbstractTransferListenerAdapter - Downloading https://repo.maven.apache.org/maven2/org/fusesource/hawtjni/hawtjni-runtime/1.16/hawtjni-runtime-1.16-sources.jar
2021-01-03 17:58:25,061 [Worker-24: Searching...] INFO  o.e.m.c.i.e.AbstractTransferListenerAdapter - Downloaded https://repo.maven.apache.org/maven2/org/fusesource/hawtjni/hawtjni-runtime/1.16/hawtjni-runtime-1.16-sources.jar
2021-01-03 17:58:26,382 [Worker-24: Searching...] INFO  o.e.m.c.i.e.AbstractTransferListenerAdapter - Downloading https://repo.maven.apache.org/maven2/org/fusesource/jansi/jansi-freebsd32/1.8/jansi-freebsd32-1.8-sources.jar
2021-01-03 17:58:26,877 [Worker-24: Searching...] INFO  o.e.m.c.i.e.AbstractTransferListenerAdapter - Downloaded https://repo.maven.apache.org/maven2/org/fusesource/jansi/jansi-freebsd32/1.8/jansi-freebsd32-1.8-sources.jar
2021-01-03 17:58:28,178 [Worker-24: Searching...] INFO  o.e.m.c.i.e.AbstractTransferListenerAdapter - Downloading https://repo.maven.apache.org/maven2/org/fusesource/jansi/jansi-freebsd64/1.8/jansi-freebsd64-1.8-sources.jar
2021-01-03 17:58:28,565 [Worker-24: Searching...] INFO  o.e.m.c.i.e.AbstractTransferListenerAdapter - Downloaded https://repo.maven.apache.org/maven2/org/fusesource/jansi/jansi-freebsd64/1.8/jansi-freebsd64-1.8-sources.jar
2021-01-03 17:58:29,523 [Worker-24: Searching...] INFO  o.e.m.c.i.e.AbstractTransferListenerAdapter - Downloading https://repo.maven.apache.org/maven2/org/fusesource/jansi/jansi-linux32/1.8/jansi-linux32-1.8-sources.jar
2021-01-03 17:58:30,009 [Worker-24: Searching...] INFO  o.e.m.c.i.e.AbstractTransferListenerAdapter - Downloaded https://repo.maven.apache.org/maven2/org/fusesource/jansi/jansi-linux32/1.8/jansi-linux32-1.8-sources.jar
2021-01-03 17:58:31,137 [Worker-24: Searching...] INFO  o.e.m.c.i.e.AbstractTransferListenerAdapter - Downloading https://repo.maven.apache.org/maven2/org/fusesource/jansi/jansi-linux64/1.8/jansi-linux64-1.8-sources.jar
2021-01-03 17:58:31,912 [Worker-24: Searching...] INFO  o.e.m.c.i.e.AbstractTransferListenerAdapter - Downloaded https://repo.maven.apache.org/maven2/org/fusesource/jansi/jansi-linux64/1.8/jansi-linux64-1.8-sources.jar
2021-01-03 17:58:33,109 [Worker-24: Searching...] INFO  o.e.m.c.i.e.AbstractTransferListenerAdapter - Downloading https://repo.maven.apache.org/maven2/org/fusesource/jansi/jansi-native/1.8/jansi-native-1.8-sources.jar
2021-01-03 17:58:33,641 [Worker-24: Searching...] INFO  o.e.m.c.i.e.AbstractTransferListenerAdapter - Downloaded https://repo.maven.apache.org/maven2/org/fusesource/jansi/jansi-native/1.8/jansi-native-1.8-sources.jar
2021-01-03 17:58:34,992 [Worker-24: Searching...] INFO  o.e.m.c.i.e.AbstractTransferListenerAdapter - Downloading https://repo.maven.apache.org/maven2/org/fusesource/jansi/jansi-osx/1.8/jansi-osx-1.8-sources.jar
2021-01-03 17:58:35,467 [Worker-24: Searching...] INFO  o.e.m.c.i.e.AbstractTransferListenerAdapter - Downloaded https://repo.maven.apache.org/maven2/org/fusesource/jansi/jansi-osx/1.8/jansi-osx-1.8-sources.jar
2021-01-03 17:58:36,469 [Worker-24: Searching...] INFO  o.e.m.c.i.e.AbstractTransferListenerAdapter - Downloading https://repo.maven.apache.org/maven2/org/fusesource/jansi/jansi-windows32/1.8/jansi-windows32-1.8-sources.jar
2021-01-03 17:58:37,035 [Worker-24: Searching...] INFO  o.e.m.c.i.e.AbstractTransferListenerAdapter - Downloaded https://repo.maven.apache.org/maven2/org/fusesource/jansi/jansi-windows32/1.8/jansi-windows32-1.8-sources.jar
2021-01-03 17:58:38,107 [Worker-24: Searching...] INFO  o.e.m.c.i.e.AbstractTransferListenerAdapter - Downloading https://repo.maven.apache.org/maven2/org/fusesource/jansi/jansi-windows64/1.8/jansi-windows64-1.8-sources.jar
2021-01-03 17:58:38,550 [Worker-24: Searching...] INFO  o.e.m.c.i.e.AbstractTransferListenerAdapter - Downloaded https://repo.maven.apache.org/maven2/org/fusesource/jansi/jansi-windows64/1.8/jansi-windows64-1.8-sources.jar
2021-01-03 17:58:40,234 [Worker-24: Searching...] INFO  o.e.m.c.i.e.AbstractTransferListenerAdapter - Downloading https://repo.maven.apache.org/maven2/org/fusesource/jansi/jansi/1.17.1/jansi-1.17.1-sources.jar
2021-01-03 17:58:40,759 [Worker-24: Searching...] INFO  o.e.m.c.i.e.AbstractTransferListenerAdapter - Downloaded https://repo.maven.apache.org/maven2/org/fusesource/jansi/jansi/1.17.1/jansi-1.17.1-sources.jar
2021-01-03 17:58:41,952 [Worker-24: Searching...] INFO  o.e.m.c.i.e.AbstractTransferListenerAdapter - Downloading https://repo.maven.apache.org/maven2/org/slf4j/slf4j-simple/1.7.5/slf4j-simple-1.7.5-sources.jar
2021-01-03 17:58:42,792 [Worker-24: Searching...] INFO  o.e.m.c.i.e.AbstractTransferListenerAdapter - Downloaded https://repo.maven.apache.org/maven2/org/slf4j/slf4j-simple/1.7.5/slf4j-simple-1.7.5-sources.jar
2021-01-03 18:00:36,848 [main] INFO  o.e.m2e.actions.ExecutePomAction - Using existing launch configuration
2021-01-03 18:00:36,987 [Worker-29: Launching helloworld] INFO  o.e.m.i.launch.MavenLaunchDelegate - C:\Users\saakh\eclipse-workspace\CamundaLearnings\helloworld
2021-01-03 18:00:36,987 [Worker-29: Launching helloworld] INFO  o.e.m.i.launch.MavenLaunchDelegate -  mvn -B MavenBuild
2021-01-03 18:01:52,463 [Worker-26: Launching Executing install in C__Users_saakh_eclipse-workspace_CamundaLearnings_helloworld] INFO  o.e.m.i.launch.MavenLaunchDelegate - C:\Users\saakh\eclipse-workspace\CamundaLearnings\helloworld
2021-01-03 18:01:52,463 [Worker-26: Launching Executing install in C__Users_saakh_eclipse-workspace_CamundaLearnings_helloworld] INFO  o.e.m.i.launch.MavenLaunchDelegate -  mvn -B install
2021-01-03 18:02:06,379 [Worker-26: Building] INFO  o.e.m.c.i.embedder.EclipseLogger - Using 'UTF-8' encoding to copy filtered resources.
2021-01-03 18:02:06,384 [Worker-26: Building] INFO  o.e.m.c.i.embedder.EclipseLogger - Copying 2 resources
2021-01-03 18:02:06,425 [Worker-26: Building] INFO  o.e.m.c.i.embedder.EclipseLogger - Using 'UTF-8' encoding to copy filtered resources.
2021-01-03 18:02:06,427 [Worker-26: Building] INFO  o.e.m.c.i.embedder.EclipseLogger - Copying 0 resource
2021-01-03 18:05:34,296 [Worker-24: Building] INFO  o.e.m.c.i.embedder.EclipseLogger - Using 'UTF-8' encoding to copy filtered resources.
2021-01-03 18:05:34,296 [Worker-24: Building] INFO  o.e.m.c.i.embedder.EclipseLogger - Copying 0 resource
2021-01-03 18:05:34,298 [Worker-24: Building] INFO  o.e.m.c.i.embedder.EclipseLogger - Using 'UTF-8' encoding to copy filtered resources.
2021-01-03 18:05:34,298 [Worker-24: Building] INFO  o.e.m.c.i.embedder.EclipseLogger - Copying 0 resource
2021-01-03 18:27:24,932 [Worker-35: Building] INFO  o.e.m.c.i.l.LifecycleMappingFactory - Using org.maven.ide.eclipse.wtp.WarLifecycleMapping lifecycle mapping for MavenProject: com.learncamunda.project01:helloworld:1.0 @ C:\Users\saakh\eclipse-workspace\CamundaLearnings\helloworld\pom.xml.
2021-01-03 18:27:25,927 [Worker-35: Building] INFO  o.e.m.c.i.embedder.EclipseLogger - Using 'UTF-8' encoding to copy filtered resources.
2021-01-03 18:27:25,929 [Worker-35: Building] INFO  o.e.m.c.i.embedder.EclipseLogger - Copying 0 resource
2021-01-03 18:27:25,931 [Worker-35: Building] INFO  o.e.m.c.i.embedder.EclipseLogger - Using 'UTF-8' encoding to copy filtered resources.
2021-01-03 18:27:25,932 [Worker-35: Building] INFO  o.e.m.c.i.embedder.EclipseLogger - Copying 0 resource
2021-01-03 18:27:25,932 [Worker-35: Building] INFO  o.e.m.w.i.f.ResourceFilteringBuildParticipant - Changed resources require a complete clean of filtered resources of helloworld
2021-01-03 18:27:25,933 [Worker-35: Building] INFO  o.e.m.w.i.f.ResourceFilteringBuildParticipant - Executing resource filtering for helloworld
2021-01-03 18:27:25,937 [Worker-35: Building] INFO  o.e.m.c.i.embedder.EclipseLogger - Using 'UTF-8' encoding to copy filtered resources.
2021-01-03 18:27:29,853 [Worker-34: Building] INFO  o.e.m.c.i.l.LifecycleMappingFactory - Using org.maven.ide.eclipse.wtp.WarLifecycleMapping lifecycle mapping for MavenProject: com.learncamunda.project01:helloworld:1.0 @ C:\Users\saakh\eclipse-workspace\CamundaLearnings\helloworld\pom.xml.
2021-01-03 18:27:30,829 [Worker-34: Building] INFO  o.e.m.c.i.embedder.EclipseLogger - Using 'UTF-8' encoding to copy filtered resources.
2021-01-03 18:27:30,831 [Worker-34: Building] INFO  o.e.m.c.i.embedder.EclipseLogger - Copying 0 resource
2021-01-03 18:27:30,832 [Worker-34: Building] INFO  o.e.m.c.i.embedder.EclipseLogger - Using 'UTF-8' encoding to copy filtered resources.
2021-01-03 18:27:30,833 [Worker-34: Building] INFO  o.e.m.c.i.embedder.EclipseLogger - Copying 0 resource
2021-01-03 18:27:30,833 [Worker-34: Building] INFO  o.e.m.w.i.f.ResourceFilteringBuildParticipant - Changed resources require a complete clean of filtered resources of helloworld
2021-01-03 18:27:30,833 [Worker-34: Building] INFO  o.e.m.w.i.f.ResourceFilteringBuildParticipant - Executing resource filtering for helloworld
2021-01-03 18:27:30,837 [Worker-34: Building] INFO  o.e.m.c.i.embedder.EclipseLogger - Using 'UTF-8' encoding to copy filtered resources.
2021-01-03 18:27:53,686 [Worker-34: Building] INFO  o.e.m.c.i.l.LifecycleMappingFactory - Using org.maven.ide.eclipse.wtp.WarLifecycleMapping lifecycle mapping for MavenProject: com.learncamunda.project01:helloworld:1.0 @ C:\Users\saakh\eclipse-workspace\CamundaLearnings\helloworld\pom.xml.
2021-01-03 18:27:54,626 [Worker-34: Building] INFO  o.e.m.c.i.embedder.EclipseLogger - Using 'UTF-8' encoding to copy filtered resources.
2021-01-03 18:27:54,628 [Worker-34: Building] INFO  o.e.m.c.i.embedder.EclipseLogger - Copying 0 resource
2021-01-03 18:27:54,630 [Worker-34: Building] INFO  o.e.m.c.i.embedder.EclipseLogger - Using 'UTF-8' encoding to copy filtered resources.
2021-01-03 18:27:54,630 [Worker-34: Building] INFO  o.e.m.c.i.embedder.EclipseLogger - Copying 0 resource
2021-01-03 18:27:54,630 [Worker-34: Building] INFO  o.e.m.w.i.f.ResourceFilteringBuildParticipant - Changed resources require a complete clean of filtered resources of helloworld
2021-01-03 18:27:54,630 [Worker-34: Building] INFO  o.e.m.w.i.f.ResourceFilteringBuildParticipant - Executing resource filtering for helloworld
2021-01-03 18:27:54,634 [Worker-34: Building] INFO  o.e.m.c.i.embedder.EclipseLogger - Using 'UTF-8' encoding to copy filtered resources.
2021-01-03 18:28:06,311 [Worker-27: Launching Executing install in C__Users_saakh_eclipse-workspace_CamundaLearnings_helloworld] INFO  o.e.m.i.launch.MavenLaunchDelegate - C:\Users\saakh\eclipse-workspace\CamundaLearnings\helloworld
2021-01-03 18:28:06,311 [Worker-27: Launching Executing install in C__Users_saakh_eclipse-workspace_CamundaLearnings_helloworld] INFO  o.e.m.i.launch.MavenLaunchDelegate -  mvn -B install
2021-01-03 18:28:19,872 [Worker-24: Building] INFO  o.e.m.c.i.embedder.EclipseLogger - Using 'UTF-8' encoding to copy filtered resources.
2021-01-03 18:28:19,873 [Worker-24: Building] INFO  o.e.m.c.i.embedder.EclipseLogger - Copying 0 resource
2021-01-03 18:28:19,874 [Worker-24: Building] INFO  o.e.m.c.i.embedder.EclipseLogger - Using 'UTF-8' encoding to copy filtered resources.
2021-01-03 18:28:19,875 [Worker-24: Building] INFO  o.e.m.c.i.embedder.EclipseLogger - Copying 0 resource
2021-01-03 18:28:34,863 [Worker-34: Updating Maven Project] INFO  o.e.m.c.i.p.ProjectConfigurationManager - Update started
2021-01-03 18:28:35,289 [Worker-34: Updating Maven Project] INFO  o.e.m.c.i.l.LifecycleMappingFactory - Using org.maven.ide.eclipse.wtp.WarLifecycleMapping lifecycle mapping for MavenProject: com.learncamunda.project01:helloworld:1.0 @ C:\Users\saakh\eclipse-workspace\CamundaLearnings\helloworld\pom.xml.
2021-01-03 18:28:36,407 [Worker-34: Updating Maven Project] INFO  o.e.m.j.i.AbstractJavaProjectConfigurator - Adding source folder /helloworld/src/main/java
2021-01-03 18:28:36,408 [Worker-34: Updating Maven Project] INFO  o.e.m.j.i.AbstractJavaProjectConfigurator - Adding resource folder /helloworld/src/main/resources
2021-01-03 18:28:36,409 [Worker-34: Updating Maven Project] INFO  o.e.m.j.i.AbstractJavaProjectConfigurator - Adding source folder /helloworld/src/test/java
2021-01-03 18:28:36,409 [Worker-34: Updating Maven Project] INFO  o.e.m.j.i.AbstractJavaProjectConfigurator - Adding resource folder /helloworld/src/test/resources
2021-01-03 18:28:37,373 [Worker-34: Updating Maven Project] INFO  o.e.m.w.i.f.ResourceFilteringBuildParticipant - Cleaning filtered folder for helloworld
2021-01-03 18:28:37,389 [Worker-34: Updating Maven Project] INFO  o.e.m.c.i.p.ProjectConfigurationManager - Update completed: 2 sec
2021-01-03 18:28:38,190 [Worker-35: Building] INFO  o.e.m.c.i.embedder.EclipseLogger - Using 'UTF-8' encoding to copy filtered resources.
2021-01-03 18:28:38,191 [Worker-35: Building] INFO  o.e.m.c.i.embedder.EclipseLogger - Copying 2 resources
2021-01-03 18:28:38,202 [Worker-35: Building] INFO  o.e.m.c.i.embedder.EclipseLogger - Using 'UTF-8' encoding to copy filtered resources.
2021-01-03 18:28:38,202 [Worker-35: Building] INFO  o.e.m.c.i.embedder.EclipseLogger - Copying 3 resources
2021-01-03 18:28:38,209 [Worker-35: Building] INFO  o.e.m.w.i.f.ResourceFilteringBuildParticipant - Changed resources require a complete clean of filtered resources of helloworld
2021-01-03 18:28:38,209 [Worker-35: Building] INFO  o.e.m.w.i.f.ResourceFilteringBuildParticipant - Executing resource filtering for helloworld
2021-01-03 18:28:38,212 [Worker-35: Building] INFO  o.e.m.c.i.embedder.EclipseLogger - Using 'UTF-8' encoding to copy filtered resources.
2021-01-03 18:28:48,480 [Worker-35: Launching Executing install in C__Users_saakh_eclipse-workspace_CamundaLearnings_helloworld] INFO  o.e.m.i.launch.MavenLaunchDelegate - C:\Users\saakh\eclipse-workspace\CamundaLearnings\helloworld
2021-01-03 18:28:48,480 [Worker-35: Launching Executing install in C__Users_saakh_eclipse-workspace_CamundaLearnings_helloworld] INFO  o.e.m.i.launch.MavenLaunchDelegate -  mvn -B install
2021-01-03 18:29:02,047 [Worker-37: Building] INFO  o.e.m.c.i.embedder.EclipseLogger - Using 'UTF-8' encoding to copy filtered resources.
2021-01-03 18:29:02,055 [Worker-37: Building] INFO  o.e.m.c.i.embedder.EclipseLogger - Copying 0 resource
2021-01-03 18:29:02,059 [Worker-37: Building] INFO  o.e.m.c.i.embedder.EclipseLogger - Using 'UTF-8' encoding to copy filtered resources.
2021-01-03 18:29:02,061 [Worker-37: Building] INFO  o.e.m.c.i.embedder.EclipseLogger - Copying 0 resource
2021-01-03 18:37:04,290 [Worker-33: Building] INFO  o.e.m.c.i.l.LifecycleMappingFactory - Using org.maven.ide.eclipse.wtp.WarLifecycleMapping lifecycle mapping for MavenProject: com.learncamunda.project01:helloworld:1.0 @ C:\Users\saakh\eclipse-workspace\CamundaLearnings\helloworld\pom.xml.
2021-01-03 18:37:05,139 [Worker-33: Building] INFO  o.e.m.c.i.embedder.EclipseLogger - Using 'UTF-8' encoding to copy filtered resources.
2021-01-03 18:37:05,140 [Worker-33: Building] INFO  o.e.m.c.i.embedder.EclipseLogger - Copying 0 resource
2021-01-03 18:37:05,142 [Worker-33: Building] INFO  o.e.m.c.i.embedder.EclipseLogger - Using 'UTF-8' encoding to copy filtered resources.
2021-01-03 18:37:05,142 [Worker-33: Building] INFO  o.e.m.c.i.embedder.EclipseLogger - Copying 0 resource
2021-01-03 18:37:05,142 [Worker-33: Building] INFO  o.e.m.w.i.f.ResourceFilteringBuildParticipant - Changed resources require a complete clean of filtered resources of helloworld
2021-01-03 18:37:05,142 [Worker-33: Building] INFO  o.e.m.w.i.f.ResourceFilteringBuildParticipant - Executing resource filtering for helloworld
2021-01-03 18:37:05,145 [Worker-33: Building] INFO  o.e.m.c.i.embedder.EclipseLogger - Using 'UTF-8' encoding to copy filtered resources.
2021-01-03 18:37:43,555 [Worker-37: reload maven project] ERROR o.e.m2e.editor.pom.MavenPomEditor - failed to load maven project for org.eclipse.ui.part.FileEditorInput(/helloworld/pom.xml)
org.eclipse.core.runtime.CoreException: Could not read maven project
	at org.eclipse.m2e.core.internal.project.registry.ProjectRegistryManager.readProjectWithDependencies(ProjectRegistryManager.java:850)
	at org.eclipse.m2e.core.internal.project.registry.ProjectRegistryManager.lambda$22(ProjectRegistryManager.java:1069)
	at com.google.common.cache.LocalCache$LocalManualCache$1.load(LocalCache.java:4878)
	at com.google.common.cache.LocalCache$LoadingValueReference.loadFuture(LocalCache.java:3529)
	at com.google.common.cache.LocalCache$Segment.loadSync(LocalCache.java:2278)
	at com.google.common.cache.LocalCache$Segment.lockedGetOrLoad(LocalCache.java:2155)
	at com.google.common.cache.LocalCache$Segment.get(LocalCache.java:2045)
	at com.google.common.cache.LocalCache.get(LocalCache.java:3953)
	at com.google.common.cache.LocalCache$LocalManualCache.get(LocalCache.java:4873)
	at org.eclipse.m2e.core.internal.project.registry.ProjectRegistryManager.getMavenProject(ProjectRegistryManager.java:1068)
	at org.eclipse.m2e.core.internal.project.registry.MavenProjectFacade.getMavenProject(MavenProjectFacade.java:243)
	at org.eclipse.m2e.core.ui.internal.actions.SelectionUtil.getMavenProject(SelectionUtil.java:261)
	at org.eclipse.m2e.editor.pom.MavenPomEditor.readMavenProject(MavenPomEditor.java:634)
	at org.eclipse.m2e.editor.pom.MavenPomEditor$3.run(MavenPomEditor.java:938)
	at org.eclipse.core.internal.jobs.Worker.run(Worker.java:63)
2021-01-03 18:37:44,046 [Worker-24: Building] ERROR o.e.m.c.i.p.r.ProjectRegistryManager - Could not read pom.xml
org.eclipse.core.runtime.CoreException: Could not read pom.xml
	at org.eclipse.m2e.core.internal.embedder.MavenImpl.readModel(MavenImpl.java:560)
	at org.eclipse.m2e.core.internal.project.registry.ProjectRegistryManager.refreshPhase2(ProjectRegistryManager.java:562)
	at org.eclipse.m2e.core.internal.project.registry.ProjectRegistryManager.refresh(ProjectRegistryManager.java:518)
	at org.eclipse.m2e.core.internal.project.registry.ProjectRegistryManager.refresh(ProjectRegistryManager.java:364)
	at org.eclipse.m2e.core.internal.project.registry.ProjectRegistryManager.refresh(ProjectRegistryManager.java:315)
	at org.eclipse.m2e.core.internal.builder.MavenBuilder$BuildMethod.getProjectFacade(MavenBuilder.java:151)
	at org.eclipse.m2e.core.internal.builder.MavenBuilder$BuildMethod.lambda$0(MavenBuilder.java:89)
	at org.eclipse.m2e.core.internal.embedder.MavenExecutionContext.executeBare(MavenExecutionContext.java:179)
	at org.eclipse.m2e.core.internal.embedder.MavenExecutionContext.execute(MavenExecutionContext.java:153)
	at org.eclipse.m2e.core.internal.embedder.MavenExecutionContext.execute(MavenExecutionContext.java:101)
	at org.eclipse.m2e.core.internal.builder.MavenBuilder$BuildMethod.execute(MavenBuilder.java:88)
	at org.eclipse.m2e.core.internal.builder.MavenBuilder.build(MavenBuilder.java:197)
	at org.eclipse.core.internal.events.BuildManager$2.run(BuildManager.java:832)
	at org.eclipse.core.runtime.SafeRunner.run(SafeRunner.java:45)
	at org.eclipse.core.internal.events.BuildManager.basicBuild(BuildManager.java:220)
	at org.eclipse.core.internal.events.BuildManager.basicBuild(BuildManager.java:263)
	at org.eclipse.core.internal.events.BuildManager$1.run(BuildManager.java:316)
	at org.eclipse.core.runtime.SafeRunner.run(SafeRunner.java:45)
	at org.eclipse.core.internal.events.BuildManager.basicBuild(BuildManager.java:319)
	at org.eclipse.core.internal.events.BuildManager.basicBuildLoop(BuildManager.java:371)
	at org.eclipse.core.internal.events.BuildManager.build(BuildManager.java:392)
	at org.eclipse.core.internal.events.AutoBuildJob.doBuild(AutoBuildJob.java:154)
	at org.eclipse.core.internal.events.AutoBuildJob.run(AutoBuildJob.java:244)
	at org.eclipse.core.internal.jobs.Worker.run(Worker.java:63)
Caused by: org.apache.maven.model.io.ModelParseException: Unrecognised tag: 'groupId' (position: START_TAG seen ...ven/latest/examples/deployment-example.html -->\r\n        <groupId>... @168:18) 
	at org.apache.maven.model.io.DefaultModelReader.read(DefaultModelReader.java:117)
	at org.apache.maven.model.io.DefaultModelReader.read(DefaultModelReader.java:85)
	at org.eclipse.m2e.core.internal.embedder.MavenImpl.readModel(MavenImpl.java:558)
	... 23 common frames omitted
Caused by: org.codehaus.plexus.util.xml.pull.XmlPullParserException: Unrecognised tag: 'groupId' (position: START_TAG seen ...ven/latest/examples/deployment-example.html -->\r\n        <groupId>... @168:18) 
	at org.apache.maven.model.io.xpp3.MavenXpp3Reader.checkUnknownElement(MavenXpp3Reader.java:178)
	at org.apache.maven.model.io.xpp3.MavenXpp3Reader.parseBuild(MavenXpp3Reader.java:992)
	at org.apache.maven.model.io.xpp3.MavenXpp3Reader.parseModel(MavenXpp3Reader.java:2281)
	at org.apache.maven.model.io.xpp3.MavenXpp3Reader.read(MavenXpp3Reader.java:3872)
	at org.apache.maven.model.io.xpp3.MavenXpp3Reader.read(MavenXpp3Reader.java:595)
	at org.apache.maven.model.io.DefaultModelReader.read(DefaultModelReader.java:112)
	... 25 common frames omitted
2021-01-03 18:37:45,460 [Worker-37: Building] ERROR o.e.m.c.i.p.r.ProjectRegistryManager - Could not read pom.xml
org.eclipse.core.runtime.CoreException: Could not read pom.xml
	at org.eclipse.m2e.core.internal.embedder.MavenImpl.readModel(MavenImpl.java:560)
	at org.eclipse.m2e.core.internal.project.registry.ProjectRegistryManager.refreshPhase2(ProjectRegistryManager.java:562)
	at org.eclipse.m2e.core.internal.project.registry.ProjectRegistryManager.refresh(ProjectRegistryManager.java:518)
	at org.eclipse.m2e.core.internal.project.registry.ProjectRegistryManager.refresh(ProjectRegistryManager.java:364)
	at org.eclipse.m2e.core.internal.project.registry.ProjectRegistryManager.refresh(ProjectRegistryManager.java:315)
	at org.eclipse.m2e.core.internal.builder.MavenBuilder$BuildMethod.getProjectFacade(MavenBuilder.java:151)
	at org.eclipse.m2e.core.internal.builder.MavenBuilder$BuildMethod.lambda$0(MavenBuilder.java:89)
	at org.eclipse.m2e.core.internal.embedder.MavenExecutionContext.executeBare(MavenExecutionContext.java:179)
	at org.eclipse.m2e.core.internal.embedder.MavenExecutionContext.execute(MavenExecutionContext.java:153)
	at org.eclipse.m2e.core.internal.embedder.MavenExecutionContext.execute(MavenExecutionContext.java:101)
	at org.eclipse.m2e.core.internal.builder.MavenBuilder$BuildMethod.execute(MavenBuilder.java:88)
	at org.eclipse.m2e.core.internal.builder.MavenBuilder.build(MavenBuilder.java:197)
	at org.eclipse.core.internal.events.BuildManager$2.run(BuildManager.java:832)
	at org.eclipse.core.runtime.SafeRunner.run(SafeRunner.java:45)
	at org.eclipse.core.internal.events.BuildManager.basicBuild(BuildManager.java:220)
	at org.eclipse.core.internal.events.BuildManager.basicBuild(BuildManager.java:263)
	at org.eclipse.core.internal.events.BuildManager$1.run(BuildManager.java:316)
	at org.eclipse.core.runtime.SafeRunner.run(SafeRunner.java:45)
	at org.eclipse.core.internal.events.BuildManager.basicBuild(BuildManager.java:319)
	at org.eclipse.core.internal.events.BuildManager.basicBuildLoop(BuildManager.java:371)
	at org.eclipse.core.internal.events.BuildManager.build(BuildManager.java:392)
	at org.eclipse.core.internal.events.AutoBuildJob.doBuild(AutoBuildJob.java:154)
	at org.eclipse.core.internal.events.AutoBuildJob.run(AutoBuildJob.java:244)
	at org.eclipse.core.internal.jobs.Worker.run(Worker.java:63)
Caused by: org.apache.maven.model.io.ModelParseException: Unrecognised tag: 'groupId' (position: START_TAG seen ...ven/latest/examples/deployment-example.html -->\r\n        <groupId>... @168:18) 
	at org.apache.maven.model.io.DefaultModelReader.read(DefaultModelReader.java:117)
	at org.apache.maven.model.io.DefaultModelReader.read(DefaultModelReader.java:85)
	at org.eclipse.m2e.core.internal.embedder.MavenImpl.readModel(MavenImpl.java:558)
	... 23 common frames omitted
Caused by: org.codehaus.plexus.util.xml.pull.XmlPullParserException: Unrecognised tag: 'groupId' (position: START_TAG seen ...ven/latest/examples/deployment-example.html -->\r\n        <groupId>... @168:18) 
	at org.apache.maven.model.io.xpp3.MavenXpp3Reader.checkUnknownElement(MavenXpp3Reader.java:178)
	at org.apache.maven.model.io.xpp3.MavenXpp3Reader.parseBuild(MavenXpp3Reader.java:992)
	at org.apache.maven.model.io.xpp3.MavenXpp3Reader.parseModel(MavenXpp3Reader.java:2281)
	at org.apache.maven.model.io.xpp3.MavenXpp3Reader.read(MavenXpp3Reader.java:3872)
	at org.apache.maven.model.io.xpp3.MavenXpp3Reader.read(MavenXpp3Reader.java:595)
	at org.apache.maven.model.io.DefaultModelReader.read(DefaultModelReader.java:112)
	... 25 common frames omitted
2021-01-03 18:37:59,290 [Worker-37: Building] INFO  o.e.m.c.i.l.LifecycleMappingFactory - Using org.maven.ide.eclipse.wtp.WarLifecycleMapping lifecycle mapping for MavenProject: com.learncamunda.project01:helloworld:1.0 @ C:\Users\saakh\eclipse-workspace\CamundaLearnings\helloworld\pom.xml.
2021-01-03 18:38:00,211 [Worker-37: Building] INFO  o.e.m.c.i.embedder.EclipseLogger - Using 'UTF-8' encoding to copy filtered resources.
2021-01-03 18:38:00,212 [Worker-37: Building] INFO  o.e.m.c.i.embedder.EclipseLogger - Copying 0 resource
2021-01-03 18:38:00,214 [Worker-37: Building] INFO  o.e.m.c.i.embedder.EclipseLogger - Using 'UTF-8' encoding to copy filtered resources.
2021-01-03 18:38:00,215 [Worker-37: Building] INFO  o.e.m.c.i.embedder.EclipseLogger - Copying 0 resource
2021-01-03 18:38:00,215 [Worker-37: Building] INFO  o.e.m.w.i.f.ResourceFilteringBuildParticipant - Changed resources require a complete clean of filtered resources of helloworld
2021-01-03 18:38:00,215 [Worker-37: Building] INFO  o.e.m.w.i.f.ResourceFilteringBuildParticipant - Executing resource filtering for helloworld
2021-01-03 18:38:00,219 [Worker-37: Building] INFO  o.e.m.c.i.embedder.EclipseLogger - Using 'UTF-8' encoding to copy filtered resources.
2021-01-03 18:38:01,977 [Worker-34: Building] INFO  o.e.m.c.i.embedder.EclipseLogger - Using 'UTF-8' encoding to copy filtered resources.
2021-01-03 18:38:01,980 [Worker-34: Building] INFO  o.e.m.c.i.embedder.EclipseLogger - Copying 2 resources
2021-01-03 18:38:01,991 [Worker-34: Building] INFO  o.e.m.c.i.embedder.EclipseLogger - Using 'UTF-8' encoding to copy filtered resources.
2021-01-03 18:38:01,993 [Worker-34: Building] INFO  o.e.m.c.i.embedder.EclipseLogger - Copying 3 resources
2021-01-03 18:38:09,450 [Worker-37: Launching Executing clean in C__Users_saakh_eclipse-workspace_CamundaLearnings_helloworld] INFO  o.e.m.i.launch.MavenLaunchDelegate - C:\Users\saakh\eclipse-workspace\CamundaLearnings\helloworld
2021-01-03 18:38:09,451 [Worker-37: Launching Executing clean in C__Users_saakh_eclipse-workspace_CamundaLearnings_helloworld] INFO  o.e.m.i.launch.MavenLaunchDelegate -  mvn -B clean
2021-01-03 18:38:12,585 [Worker-37: Building] INFO  o.e.m.c.i.embedder.EclipseLogger - Using 'UTF-8' encoding to copy filtered resources.
2021-01-03 18:38:12,587 [Worker-37: Building] INFO  o.e.m.c.i.embedder.EclipseLogger - Copying 2 resources
2021-01-03 18:38:12,600 [Worker-37: Building] INFO  o.e.m.c.i.embedder.EclipseLogger - Using 'UTF-8' encoding to copy filtered resources.
2021-01-03 18:38:12,601 [Worker-37: Building] INFO  o.e.m.c.i.embedder.EclipseLogger - Copying 3 resources
2021-01-03 18:38:12,612 [Worker-37: Building] INFO  o.e.m.w.i.f.ResourceFilteringBuildParticipant - Changed resources require a complete clean of filtered resources of helloworld
2021-01-03 18:38:12,612 [Worker-37: Building] INFO  o.e.m.w.i.f.ResourceFilteringBuildParticipant - Executing resource filtering for helloworld
2021-01-03 18:38:12,616 [Worker-37: Building] INFO  o.e.m.c.i.embedder.EclipseLogger - Using 'UTF-8' encoding to copy filtered resources.
2021-01-03 18:38:18,128 [Worker-37: Launching Executing install in C__Users_saakh_eclipse-workspace_CamundaLearnings_helloworld] INFO  o.e.m.i.launch.MavenLaunchDelegate - C:\Users\saakh\eclipse-workspace\CamundaLearnings\helloworld
2021-01-03 18:38:18,128 [Worker-37: Launching Executing install in C__Users_saakh_eclipse-workspace_CamundaLearnings_helloworld] INFO  o.e.m.i.launch.MavenLaunchDelegate -  mvn -B install
2021-01-03 18:38:34,194 [Worker-34: Building] INFO  o.e.m.c.i.embedder.EclipseLogger - Using 'UTF-8' encoding to copy filtered resources.
2021-01-03 18:38:34,200 [Worker-34: Building] INFO  o.e.m.c.i.embedder.EclipseLogger - Copying 2 resources
2021-01-03 18:38:34,205 [Worker-34: Building] INFO  o.e.m.c.i.embedder.EclipseLogger - Using 'UTF-8' encoding to copy filtered resources.
2021-01-03 18:38:34,210 [Worker-34: Building] INFO  o.e.m.c.i.embedder.EclipseLogger - Copying 3 resources
2021-01-03 20:22:55,274 [Worker-24: Building] INFO  o.e.m.c.i.l.LifecycleMappingFactory - Using org.maven.ide.eclipse.wtp.WarLifecycleMapping lifecycle mapping for MavenProject: com.learncamunda.project01:helloworld:1.0 @ C:\Users\saakh\eclipse-workspace\CamundaLearnings\helloworld\pom.xml.
2021-01-03 20:22:56,772 [Worker-24: Building] INFO  o.e.m.c.i.embedder.EclipseLogger - Using 'UTF-8' encoding to copy filtered resources.
2021-01-03 20:22:56,773 [Worker-24: Building] INFO  o.e.m.c.i.embedder.EclipseLogger - Copying 0 resource
2021-01-03 20:22:56,774 [Worker-24: Building] INFO  o.e.m.c.i.embedder.EclipseLogger - Using 'UTF-8' encoding to copy filtered resources.
2021-01-03 20:22:56,774 [Worker-24: Building] INFO  o.e.m.c.i.embedder.EclipseLogger - Copying 0 resource
2021-01-03 20:22:56,775 [Worker-24: Building] INFO  o.e.m.w.i.f.ResourceFilteringBuildParticipant - Changed resources require a complete clean of filtered resources of helloworld
2021-01-03 20:22:56,776 [Worker-24: Building] INFO  o.e.m.w.i.f.ResourceFilteringBuildParticipant - Executing resource filtering for helloworld
2021-01-03 20:22:56,779 [Worker-24: Building] INFO  o.e.m.c.i.embedder.EclipseLogger - Using 'UTF-8' encoding to copy filtered resources.
2021-01-03 20:22:58,699 [Worker-38: Building] INFO  o.e.m.c.i.embedder.EclipseLogger - Using 'UTF-8' encoding to copy filtered resources.
2021-01-03 20:22:58,702 [Worker-38: Building] INFO  o.e.m.c.i.embedder.EclipseLogger - Copying 2 resources
2021-01-03 20:22:58,714 [Worker-38: Building] INFO  o.e.m.c.i.embedder.EclipseLogger - Using 'UTF-8' encoding to copy filtered resources.
2021-01-03 20:22:58,715 [Worker-38: Building] INFO  o.e.m.c.i.embedder.EclipseLogger - Copying 3 resources
2021-01-03 20:23:09,315 [Worker-37: Building] INFO  o.e.m.c.i.l.LifecycleMappingFactory - Using org.maven.ide.eclipse.wtp.WarLifecycleMapping lifecycle mapping for MavenProject: com.learncamunda.project01:helloworld:1.0 @ C:\Users\saakh\eclipse-workspace\CamundaLearnings\helloworld\pom.xml.
2021-01-03 20:23:10,350 [Worker-37: Building] INFO  o.e.m.c.i.embedder.EclipseLogger - Using 'UTF-8' encoding to copy filtered resources.
2021-01-03 20:23:10,352 [Worker-37: Building] INFO  o.e.m.c.i.embedder.EclipseLogger - Copying 0 resource
2021-01-03 20:23:10,353 [Worker-37: Building] INFO  o.e.m.c.i.embedder.EclipseLogger - Using 'UTF-8' encoding to copy filtered resources.
2021-01-03 20:23:10,353 [Worker-37: Building] INFO  o.e.m.c.i.embedder.EclipseLogger - Copying 0 resource
2021-01-03 20:23:10,399 [Worker-37: Building] INFO  o.e.m.w.i.f.ResourceFilteringBuildParticipant - Changed resources require a complete clean of filtered resources of helloworld
2021-01-03 20:23:10,399 [Worker-37: Building] INFO  o.e.m.w.i.f.ResourceFilteringBuildParticipant - Executing resource filtering for helloworld
2021-01-03 20:23:10,403 [Worker-37: Building] INFO  o.e.m.c.i.embedder.EclipseLogger - Using 'UTF-8' encoding to copy filtered resources.
2021-01-03 20:23:12,010 [Worker-38: Building] INFO  o.e.m.c.i.embedder.EclipseLogger - Using 'UTF-8' encoding to copy filtered resources.
2021-01-03 20:23:12,012 [Worker-38: Building] INFO  o.e.m.c.i.embedder.EclipseLogger - Copying 2 resources
2021-01-03 20:23:12,026 [Worker-38: Building] INFO  o.e.m.c.i.embedder.EclipseLogger - Using 'UTF-8' encoding to copy filtered resources.
2021-01-03 20:23:12,028 [Worker-38: Building] INFO  o.e.m.c.i.embedder.EclipseLogger - Copying 3 resources
2021-01-03 20:23:27,069 [Worker-37: Launching Executing clean in C__Users_saakh_eclipse-workspace_CamundaLearnings_helloworld] INFO  o.e.m.i.launch.MavenLaunchDelegate - C:\Users\saakh\eclipse-workspace\CamundaLearnings\helloworld
2021-01-03 20:23:27,069 [Worker-37: Launching Executing clean in C__Users_saakh_eclipse-workspace_CamundaLearnings_helloworld] INFO  o.e.m.i.launch.MavenLaunchDelegate -  mvn -B clean
2021-01-03 20:23:30,115 [Worker-42: Building] INFO  o.e.m.c.i.embedder.EclipseLogger - Using 'UTF-8' encoding to copy filtered resources.
2021-01-03 20:23:30,117 [Worker-42: Building] INFO  o.e.m.c.i.embedder.EclipseLogger - Copying 2 resources
2021-01-03 20:23:30,126 [Worker-42: Building] INFO  o.e.m.c.i.embedder.EclipseLogger - Using 'UTF-8' encoding to copy filtered resources.
2021-01-03 20:23:30,128 [Worker-42: Building] INFO  o.e.m.c.i.embedder.EclipseLogger - Copying 3 resources
2021-01-03 20:23:30,139 [Worker-42: Building] INFO  o.e.m.w.i.f.ResourceFilteringBuildParticipant - Changed resources require a complete clean of filtered resources of helloworld
2021-01-03 20:23:30,139 [Worker-42: Building] INFO  o.e.m.w.i.f.ResourceFilteringBuildParticipant - Executing resource filtering for helloworld
2021-01-03 20:23:30,143 [Worker-42: Building] INFO  o.e.m.c.i.embedder.EclipseLogger - Using 'UTF-8' encoding to copy filtered resources.
2021-01-03 20:23:38,481 [Worker-43: Launching Executing install in C__Users_saakh_eclipse-workspace_CamundaLearnings_helloworld] INFO  o.e.m.i.launch.MavenLaunchDelegate - C:\Users\saakh\eclipse-workspace\CamundaLearnings\helloworld
2021-01-03 20:23:38,481 [Worker-43: Launching Executing install in C__Users_saakh_eclipse-workspace_CamundaLearnings_helloworld] INFO  o.e.m.i.launch.MavenLaunchDelegate -  mvn -B install
2021-01-03 20:23:44,179 [Worker-38: Building] INFO  o.e.m.c.i.embedder.EclipseLogger - Using 'UTF-8' encoding to copy filtered resources.
2021-01-03 20:23:44,183 [Worker-38: Building] INFO  o.e.m.c.i.embedder.EclipseLogger - Copying 2 resources
2021-01-03 20:23:44,187 [Worker-38: Building] INFO  o.e.m.c.i.embedder.EclipseLogger - Using 'UTF-8' encoding to copy filtered resources.
2021-01-03 20:23:44,187 [Worker-38: Building] INFO  o.e.m.c.i.embedder.EclipseLogger - Copying 0 resource
2021-01-03 20:23:57,544 [Worker-24: Building] INFO  o.e.m.c.i.l.LifecycleMappingFactory - Using org.maven.ide.eclipse.wtp.WarLifecycleMapping lifecycle mapping for MavenProject: com.learncamunda.project01:helloworld:1.0 @ C:\Users\saakh\eclipse-workspace\CamundaLearnings\helloworld\pom.xml.
2021-01-03 20:23:58,923 [Worker-24: Building] INFO  o.e.m.c.i.embedder.EclipseLogger - Using 'UTF-8' encoding to copy filtered resources.
2021-01-03 20:23:58,925 [Worker-24: Building] INFO  o.e.m.c.i.embedder.EclipseLogger - Copying 0 resource
2021-01-03 20:23:58,927 [Worker-24: Building] INFO  o.e.m.c.i.embedder.EclipseLogger - Using 'UTF-8' encoding to copy filtered resources.
2021-01-03 20:23:58,927 [Worker-24: Building] INFO  o.e.m.c.i.embedder.EclipseLogger - Copying 0 resource
2021-01-03 20:23:58,928 [Worker-24: Building] INFO  o.e.m.w.i.f.ResourceFilteringBuildParticipant - Changed resources require a complete clean of filtered resources of helloworld
2021-01-03 20:23:58,928 [Worker-24: Building] INFO  o.e.m.w.i.f.ResourceFilteringBuildParticipant - Executing resource filtering for helloworld
2021-01-03 20:23:58,932 [Worker-24: Building] INFO  o.e.m.c.i.embedder.EclipseLogger - Using 'UTF-8' encoding to copy filtered resources.
2021-01-03 20:24:01,195 [Worker-24: Building] INFO  o.e.m.c.i.embedder.EclipseLogger - Using 'UTF-8' encoding to copy filtered resources.
2021-01-03 20:24:01,199 [Worker-24: Building] INFO  o.e.m.c.i.embedder.EclipseLogger - Copying 2 resources
2021-01-03 20:24:01,215 [Worker-24: Building] INFO  o.e.m.c.i.embedder.EclipseLogger - Using 'UTF-8' encoding to copy filtered resources.
2021-01-03 20:24:01,217 [Worker-24: Building] INFO  o.e.m.c.i.embedder.EclipseLogger - Copying 3 resources
2021-01-03 20:24:09,379 [Worker-37: Building] INFO  o.e.m.c.i.l.LifecycleMappingFactory - Using org.maven.ide.eclipse.wtp.WarLifecycleMapping lifecycle mapping for MavenProject: com.learncamunda.project01:helloworld:1.0 @ C:\Users\saakh\eclipse-workspace\CamundaLearnings\helloworld\pom.xml.
2021-01-03 20:24:10,484 [Worker-37: Building] INFO  o.e.m.c.i.embedder.EclipseLogger - Using 'UTF-8' encoding to copy filtered resources.
2021-01-03 20:24:10,485 [Worker-37: Building] INFO  o.e.m.c.i.embedder.EclipseLogger - Copying 0 resource
2021-01-03 20:24:10,487 [Worker-37: Building] INFO  o.e.m.c.i.embedder.EclipseLogger - Using 'UTF-8' encoding to copy filtered resources.
2021-01-03 20:24:10,488 [Worker-37: Building] INFO  o.e.m.c.i.embedder.EclipseLogger - Copying 0 resource
2021-01-03 20:24:10,488 [Worker-37: Building] INFO  o.e.m.w.i.f.ResourceFilteringBuildParticipant - Changed resources require a complete clean of filtered resources of helloworld
2021-01-03 20:24:10,489 [Worker-37: Building] INFO  o.e.m.w.i.f.ResourceFilteringBuildParticipant - Executing resource filtering for helloworld
2021-01-03 20:24:10,492 [Worker-37: Building] INFO  o.e.m.c.i.embedder.EclipseLogger - Using 'UTF-8' encoding to copy filtered resources.
2021-01-03 20:24:12,024 [Worker-44: Building] INFO  o.e.m.c.i.embedder.EclipseLogger - Using 'UTF-8' encoding to copy filtered resources.
2021-01-03 20:24:12,026 [Worker-44: Building] INFO  o.e.m.c.i.embedder.EclipseLogger - Copying 2 resources
2021-01-03 20:24:12,038 [Worker-44: Building] INFO  o.e.m.c.i.embedder.EclipseLogger - Using 'UTF-8' encoding to copy filtered resources.
2021-01-03 20:24:12,039 [Worker-44: Building] INFO  o.e.m.c.i.embedder.EclipseLogger - Copying 3 resources
2021-01-03 20:24:20,306 [Worker-41: Launching Executing clean in C__Users_saakh_eclipse-workspace_CamundaLearnings_helloworld] INFO  o.e.m.i.launch.MavenLaunchDelegate - C:\Users\saakh\eclipse-workspace\CamundaLearnings\helloworld
2021-01-03 20:24:20,306 [Worker-41: Launching Executing clean in C__Users_saakh_eclipse-workspace_CamundaLearnings_helloworld] INFO  o.e.m.i.launch.MavenLaunchDelegate -  mvn -B clean
2021-01-03 20:24:23,250 [Worker-42: Building] INFO  o.e.m.c.i.embedder.EclipseLogger - Using 'UTF-8' encoding to copy filtered resources.
2021-01-03 20:24:23,252 [Worker-42: Building] INFO  o.e.m.c.i.embedder.EclipseLogger - Copying 2 resources
2021-01-03 20:24:23,260 [Worker-42: Building] INFO  o.e.m.c.i.embedder.EclipseLogger - Using 'UTF-8' encoding to copy filtered resources.
2021-01-03 20:24:23,262 [Worker-42: Building] INFO  o.e.m.c.i.embedder.EclipseLogger - Copying 3 resources
2021-01-03 20:24:23,272 [Worker-42: Building] INFO  o.e.m.w.i.f.ResourceFilteringBuildParticipant - Changed resources require a complete clean of filtered resources of helloworld
2021-01-03 20:24:23,272 [Worker-42: Building] INFO  o.e.m.w.i.f.ResourceFilteringBuildParticipant - Executing resource filtering for helloworld
2021-01-03 20:24:23,278 [Worker-42: Building] INFO  o.e.m.c.i.embedder.EclipseLogger - Using 'UTF-8' encoding to copy filtered resources.
2021-01-03 20:24:29,205 [Worker-37: Launching Executing install in C__Users_saakh_eclipse-workspace_CamundaLearnings_helloworld] INFO  o.e.m.i.launch.MavenLaunchDelegate - C:\Users\saakh\eclipse-workspace\CamundaLearnings\helloworld
2021-01-03 20:24:29,205 [Worker-37: Launching Executing install in C__Users_saakh_eclipse-workspace_CamundaLearnings_helloworld] INFO  o.e.m.i.launch.MavenLaunchDelegate -  mvn -B install
2021-01-03 20:24:34,980 [Worker-41: Building] INFO  o.e.m.c.i.embedder.EclipseLogger - Using 'UTF-8' encoding to copy filtered resources.
2021-01-03 20:24:34,982 [Worker-41: Building] INFO  o.e.m.c.i.embedder.EclipseLogger - Copying 2 resources
2021-01-03 20:24:34,983 [Worker-41: Building] INFO  o.e.m.c.i.embedder.EclipseLogger - Using 'UTF-8' encoding to copy filtered resources.
2021-01-03 20:24:34,983 [Worker-41: Building] INFO  o.e.m.c.i.embedder.EclipseLogger - Copying 0 resource
2021-01-03 20:24:58,120 [Worker-43: Building] INFO  o.e.m.c.i.l.LifecycleMappingFactory - Using org.maven.ide.eclipse.wtp.WarLifecycleMapping lifecycle mapping for MavenProject: com.learncamunda.project01:helloworld:1.0 @ C:\Users\saakh\eclipse-workspace\CamundaLearnings\helloworld\pom.xml.
2021-01-03 20:24:59,163 [Worker-43: Building] INFO  o.e.m.c.i.embedder.EclipseLogger - Using 'UTF-8' encoding to copy filtered resources.
2021-01-03 20:24:59,167 [Worker-43: Building] INFO  o.e.m.c.i.embedder.EclipseLogger - Copying 0 resource
2021-01-03 20:24:59,169 [Worker-43: Building] INFO  o.e.m.c.i.embedder.EclipseLogger - Using 'UTF-8' encoding to copy filtered resources.
2021-01-03 20:24:59,169 [Worker-43: Building] INFO  o.e.m.c.i.embedder.EclipseLogger - Copying 0 resource
2021-01-03 20:24:59,212 [Worker-43: Building] INFO  o.e.m.w.i.f.ResourceFilteringBuildParticipant - Changed resources require a complete clean of filtered resources of helloworld
2021-01-03 20:24:59,212 [Worker-43: Building] INFO  o.e.m.w.i.f.ResourceFilteringBuildParticipant - Executing resource filtering for helloworld
2021-01-03 20:24:59,218 [Worker-43: Building] INFO  o.e.m.c.i.embedder.EclipseLogger - Using 'UTF-8' encoding to copy filtered resources.
2021-01-03 20:25:00,783 [Worker-44: Building] INFO  o.e.m.c.i.embedder.EclipseLogger - Using 'UTF-8' encoding to copy filtered resources.
2021-01-03 20:25:00,784 [Worker-44: Building] INFO  o.e.m.c.i.embedder.EclipseLogger - Copying 2 resources
2021-01-03 20:25:00,795 [Worker-44: Building] INFO  o.e.m.c.i.embedder.EclipseLogger - Using 'UTF-8' encoding to copy filtered resources.
2021-01-03 20:25:00,796 [Worker-44: Building] INFO  o.e.m.c.i.embedder.EclipseLogger - Copying 3 resources
2021-01-03 20:26:34,569 [Worker-38: Launching Executing clean in C__Users_saakh_eclipse-workspace_CamundaLearnings_helloworld] INFO  o.e.m.i.launch.MavenLaunchDelegate - C:\Users\saakh\eclipse-workspace\CamundaLearnings\helloworld
2021-01-03 20:26:34,569 [Worker-38: Launching Executing clean in C__Users_saakh_eclipse-workspace_CamundaLearnings_helloworld] INFO  o.e.m.i.launch.MavenLaunchDelegate -  mvn -B clean
2021-01-03 20:26:37,302 [Worker-42: Building] INFO  o.e.m.c.i.embedder.EclipseLogger - Using 'UTF-8' encoding to copy filtered resources.
2021-01-03 20:26:37,303 [Worker-42: Building] INFO  o.e.m.c.i.embedder.EclipseLogger - Copying 2 resources
2021-01-03 20:26:37,312 [Worker-42: Building] INFO  o.e.m.c.i.embedder.EclipseLogger - Using 'UTF-8' encoding to copy filtered resources.
2021-01-03 20:26:37,313 [Worker-42: Building] INFO  o.e.m.c.i.embedder.EclipseLogger - Copying 3 resources
2021-01-03 20:26:37,322 [Worker-42: Building] INFO  o.e.m.w.i.f.ResourceFilteringBuildParticipant - Changed resources require a complete clean of filtered resources of helloworld
2021-01-03 20:26:37,323 [Worker-42: Building] INFO  o.e.m.w.i.f.ResourceFilteringBuildParticipant - Executing resource filtering for helloworld
2021-01-03 20:26:37,327 [Worker-42: Building] INFO  o.e.m.c.i.embedder.EclipseLogger - Using 'UTF-8' encoding to copy filtered resources.
2021-01-03 20:26:50,796 [main] INFO  o.e.m2e.actions.ExecutePomAction - Creating new launch configuration
2021-01-03 20:27:03,484 [Worker-38: Launching helloworld (1)] INFO  o.e.m.i.launch.MavenLaunchDelegate - C:\Users\saakh\eclipse-workspace\CamundaLearnings\helloworld
2021-01-03 20:27:03,484 [Worker-38: Launching helloworld (1)] INFO  o.e.m.i.launch.MavenLaunchDelegate -  mvn -B -Dmaven.test.skip=true -DskipTests 
2021-01-03 20:27:48,342 [Worker-37: Launching helloworld] INFO  o.e.m.i.launch.MavenLaunchDelegate - C:\Users\saakh\eclipse-workspace\CamundaLearnings\helloworld
2021-01-03 20:27:48,342 [Worker-37: Launching helloworld] INFO  o.e.m.i.launch.MavenLaunchDelegate -  mvn -B MavenBuild
2021-01-03 20:28:09,446 [Worker-41: Launching helloworld] INFO  o.e.m.i.launch.MavenLaunchDelegate - C:\Users\saakh\eclipse-workspace\CamundaLearnings\helloworld
2021-01-03 20:28:09,448 [Worker-41: Launching helloworld] INFO  o.e.m.i.launch.MavenLaunchDelegate -  mvn -B -Dmaven.test.skip=true -DskipTests compile
2021-01-03 20:28:56,200 [Worker-38: Launching Executing install in C__Users_saakh_eclipse-workspace_CamundaLearnings_helloworld] INFO  o.e.m.i.launch.MavenLaunchDelegate - C:\Users\saakh\eclipse-workspace\CamundaLearnings\helloworld
2021-01-03 20:28:56,201 [Worker-38: Launching Executing install in C__Users_saakh_eclipse-workspace_CamundaLearnings_helloworld] INFO  o.e.m.i.launch.MavenLaunchDelegate -  mvn -B install
2021-01-03 20:29:11,985 [Worker-42: Building] INFO  o.e.m.c.i.embedder.EclipseLogger - Using 'UTF-8' encoding to copy filtered resources.
2021-01-03 20:29:11,986 [Worker-42: Building] INFO  o.e.m.c.i.embedder.EclipseLogger - Copying 2 resources
2021-01-03 20:29:11,987 [Worker-42: Building] INFO  o.e.m.c.i.embedder.EclipseLogger - Using 'UTF-8' encoding to copy filtered resources.
2021-01-03 20:29:11,989 [Worker-42: Building] INFO  o.e.m.c.i.embedder.EclipseLogger - Copying 3 resources
2021-01-03 20:29:27,908 [main] INFO  o.e.m2e.actions.ExecutePomAction - Creating new launch configuration
2021-01-03 20:29:40,821 [Worker-42: Launching helloworld (2)] INFO  o.e.m.i.launch.MavenLaunchDelegate - C:\Users\saakh\eclipse-workspace\CamundaLearnings\helloworld
2021-01-03 20:29:40,821 [Worker-42: Launching helloworld (2)] INFO  o.e.m.i.launch.MavenLaunchDelegate -  mvn -B -Dmaven.test.skip=true -DskipTests install
2021-01-04 12:34:55,943 [Worker-5: Loading available Gradle versions] INFO  o.e.b.c.i.u.g.PublishedGradleVersions - Gradle version information cache is up-to-date. Trying to read.
2021-01-21 08:55:15,767 [Worker-3: Loading available Gradle versions] INFO  o.e.b.c.i.u.g.PublishedGradleVersions - Gradle version information cache is out-of-date. Trying to update.
2021-01-22 12:15:57,689 [Worker-18: Building] INFO  o.e.m.c.i.embedder.EclipseLogger - Using 'UTF-8' encoding to copy filtered resources.
2021-01-22 12:15:57,767 [Worker-18: Building] INFO  o.e.m.c.i.embedder.EclipseLogger - Copying 2 resources
2021-01-22 12:15:57,855 [Worker-18: Building] INFO  o.e.m.c.i.embedder.EclipseLogger - Using 'UTF-8' encoding to copy filtered resources.
2021-01-22 12:15:57,857 [Worker-18: Building] INFO  o.e.m.c.i.embedder.EclipseLogger - Copying 3 resources
2021-01-22 12:22:21,354 [Worker-21: Building] INFO  o.e.m.c.i.embedder.EclipseLogger - Using 'UTF-8' encoding to copy filtered resources.
2021-01-22 12:22:21,356 [Worker-21: Building] INFO  o.e.m.c.i.embedder.EclipseLogger - Copying 0 resource
2021-01-22 12:22:21,358 [Worker-21: Building] INFO  o.e.m.c.i.embedder.EclipseLogger - Using 'UTF-8' encoding to copy filtered resources.
2021-01-22 12:22:21,358 [Worker-21: Building] INFO  o.e.m.c.i.embedder.EclipseLogger - Copying 0 resource
2021-01-22 12:23:21,185 [Worker-23: Checking out Maven projects] ERROR o.e.m2e.scm.MavenCheckoutOperation - SCM provider is not available for scm:null:https://github.com/camunda/camunda-bpm-examples.git
2021-01-22 12:23:21,199 [Worker-23: Checking out Maven projects] INFO  o.e.m.s.i.w.MavenProjectCheckoutJob - No Maven projects to import
2021-01-22 12:23:21,208 [Worker-22: Importing Maven projects] INFO  o.e.m.c.i.p.ProjectConfigurationManager - Imported and configured 0 project(s) in 0 sec
2021-01-22 12:42:54,479 [Worker-36: Git Repository Change Scanner] WARN  org.eclipse.jgit.lib.Repository - close() called when useCnt is already zero for Repository[C:\Users\saakh\eclipse-workspace\CamundaLearnings\CamundaProjects\camunda-bpm-examples\.git]
2021-01-31 14:51:01,055 [Worker-3: Loading available Gradle versions] INFO  o.e.b.c.i.u.g.PublishedGradleVersions - Gradle version information cache is out-of-date. Trying to update.
